{"D:\\Projects\\newsApp\\src\\actions\\index.js": {"path":"D:\\Projects\\newsApp\\src\\actions\\index.js","statementMap":{"0":{"start":{"line":1,"column":13},"end":{"line":1,"column":75}},"1":{"start":{"line":1,"column":75},"end":{"line":1,"column":531}},"2":{"start":{"line":2,"column":17},"end":{"line":2,"column":29}},"3":{"start":{"line":2,"column":30},"end":{"line":2,"column":62}},"4":{"start":{"line":5,"column":16},"end":{"line":5,"column":88}},"5":{"start":{"line":5,"column":43},"end":{"line":5,"column":87}},"6":{"start":{"line":5,"column":89},"end":{"line":5,"column":119}},"7":{"start":{"line":8,"column":19},"end":{"line":8,"column":33}},"8":{"start":{"line":8,"column":34},"end":{"line":8,"column":70}},"9":{"start":{"line":9,"column":26},"end":{"line":9,"column":47}},"10":{"start":{"line":9,"column":48},"end":{"line":9,"column":98}},"11":{"start":{"line":10,"column":23},"end":{"line":10,"column":41}},"12":{"start":{"line":10,"column":42},"end":{"line":10,"column":86}},"13":{"start":{"line":12,"column":27},"end":{"line":12,"column":49}},"14":{"start":{"line":12,"column":50},"end":{"line":12,"column":102}},"15":{"start":{"line":13,"column":27},"end":{"line":13,"column":49}},"16":{"start":{"line":13,"column":50},"end":{"line":13,"column":102}},"17":{"start":{"line":15,"column":31},"end":{"line":15,"column":57}},"18":{"start":{"line":15,"column":58},"end":{"line":15,"column":118}},"19":{"start":{"line":16,"column":31},"end":{"line":16,"column":57}},"20":{"start":{"line":16,"column":58},"end":{"line":16,"column":118}},"21":{"start":{"line":19,"column":18},"end":{"line":21,"column":83}},"22":{"start":{"line":19,"column":72},"end":{"line":21,"column":82}},"23":{"start":{"line":21,"column":84},"end":{"line":21,"column":118}},"24":{"start":{"line":24,"column":21},"end":{"line":26,"column":38}},"25":{"start":{"line":24,"column":53},"end":{"line":26,"column":37}},"26":{"start":{"line":26,"column":39},"end":{"line":26,"column":79}},"27":{"start":{"line":29,"column":25},"end":{"line":31,"column":38}},"28":{"start":{"line":29,"column":61},"end":{"line":31,"column":37}},"29":{"start":{"line":31,"column":39},"end":{"line":31,"column":87}},"30":{"start":{"line":34,"column":22},"end":{"line":36,"column":38}},"31":{"start":{"line":34,"column":55},"end":{"line":36,"column":37}},"32":{"start":{"line":36,"column":39},"end":{"line":36,"column":81}},"33":{"start":{"line":39,"column":26},"end":{"line":41,"column":103}},"34":{"start":{"line":39,"column":98},"end":{"line":41,"column":102}},"35":{"start":{"line":41,"column":104},"end":{"line":41,"column":154}},"36":{"start":{"line":44,"column":28},"end":{"line":46,"column":38}},"37":{"start":{"line":44,"column":67},"end":{"line":46,"column":37}},"38":{"start":{"line":46,"column":39},"end":{"line":46,"column":93}},"39":{"start":{"line":49,"column":28},"end":{"line":51,"column":38}},"40":{"start":{"line":49,"column":67},"end":{"line":51,"column":37}},"41":{"start":{"line":51,"column":39},"end":{"line":51,"column":93}}},"fnMap":{"0":{"name":"setLoader","decl":{"start":{"line":5,"column":25},"end":{"line":5,"column":34}},"loc":{"start":{"line":5,"column":42},"end":{"line":5,"column":88}},"line":5},"1":{"name":"getNewsList","decl":{"start":{"line":19,"column":27},"end":{"line":19,"column":38}},"loc":{"start":{"line":19,"column":71},"end":{"line":21,"column":83}},"line":19},"2":{"name":"getNewsSources","decl":{"start":{"line":24,"column":30},"end":{"line":24,"column":44}},"loc":{"start":{"line":24,"column":52},"end":{"line":26,"column":38}},"line":24},"3":{"name":"getNewsListSuccess","decl":{"start":{"line":29,"column":34},"end":{"line":29,"column":52}},"loc":{"start":{"line":29,"column":60},"end":{"line":31,"column":38}},"line":29},"4":{"name":"getNewsListFail","decl":{"start":{"line":34,"column":31},"end":{"line":34,"column":46}},"loc":{"start":{"line":34,"column":54},"end":{"line":36,"column":38}},"line":34},"5":{"name":"getNewsListBySearch","decl":{"start":{"line":39,"column":35},"end":{"line":39,"column":54}},"loc":{"start":{"line":39,"column":97},"end":{"line":41,"column":103}},"line":39},"6":{"name":"getNewsSourcesSuccess","decl":{"start":{"line":44,"column":37},"end":{"line":44,"column":58}},"loc":{"start":{"line":44,"column":66},"end":{"line":46,"column":38}},"line":44},"7":{"name":"getNewsSourcesFailure","decl":{"start":{"line":49,"column":37},"end":{"line":49,"column":58}},"loc":{"start":{"line":49,"column":66},"end":{"line":51,"column":38}},"line":49}},"branchMap":{},"s":{"0":1,"1":1,"2":1,"3":1,"4":1,"5":14,"6":1,"7":1,"8":1,"9":1,"10":1,"11":1,"12":1,"13":1,"14":1,"15":1,"16":1,"17":1,"18":1,"19":1,"20":1,"21":1,"22":4,"23":1,"24":1,"25":3,"26":1,"27":1,"28":0,"29":1,"30":1,"31":4,"32":1,"33":1,"34":0,"35":1,"36":1,"37":0,"38":1,"39":1,"40":3,"41":1},"f":{"0":14,"1":4,"2":3,"3":0,"4":4,"5":0,"6":0,"7":3},"b":{},"_coverageSchema":"332fd63041d2c1bcb487cc26dd0d5f7d97098a6c","hash":"2b29f9b7f121aa272e394a48df9e3406c49d7530"}
,"D:\\Projects\\newsApp\\src\\components\\ListItems.js": {"path":"D:\\Projects\\newsApp\\src\\components\\ListItems.js","statementMap":{"0":{"start":{"line":1,"column":42},"end":{"line":1,"column":97}},"1":{"start":{"line":1,"column":128},"end":{"line":1,"column":184}},"2":{"start":{"line":1,"column":185},"end":{"line":1,"column":247}},"3":{"start":{"line":1,"column":247},"end":{"line":1,"column":272}},"4":{"start":{"line":1,"column":295},"end":{"line":1,"column":367}},"5":{"start":{"line":1,"column":388},"end":{"line":1,"column":457}},"6":{"start":{"line":1,"column":492},"end":{"line":1,"column":575}},"7":{"start":{"line":1,"column":599},"end":{"line":1,"column":671}},"8":{"start":{"line":1,"column":689},"end":{"line":1,"column":755}},"9":{"start":{"line":2,"column":13},"end":{"line":2,"column":54}},"10":{"start":{"line":3,"column":19},"end":{"line":3,"column":42}},"11":{"start":{"line":5,"column":17},"end":{"line":5,"column":62}},"12":{"start":{"line":7,"column":14},"end":{"line":7,"column":51}},"13":{"start":{"line":8,"column":19},"end":{"line":8,"column":82}},"14":{"start":{"line":8,"column":102},"end":{"line":8,"column":156}},"15":{"start":{"line":10,"column":29},"end":{"line":10,"column":69}},"16":{"start":{"line":10,"column":85},"end":{"line":10,"column":111}},"17":{"start":{"line":15,"column":12},"end":{"line":61,"column":46}},"18":{"start":{"line":15,"column":35},"end":{"line":15,"column":82}},"19":{"start":{"line":41,"column":29},"end":{"line":41,"column":76}},"20":{"start":{"line":41,"column":76},"end":{"line":42,"column":12}},"21":{"start":{"line":43,"column":3},"end":{"line":61,"column":10}},"22":{"start":{"line":46,"column":6},"end":{"line":46,"column":16}},"23":{"start":{"line":46,"column":27},"end":{"line":46,"column":46}},"24":{"start":{"line":46,"column":68},"end":{"line":46,"column":98}},"25":{"start":{"line":46,"column":114},"end":{"line":46,"column":138}},"26":{"start":{"line":46,"column":151},"end":{"line":46,"column":172}},"27":{"start":{"line":46,"column":183},"end":{"line":46,"column":202}},"28":{"start":{"line":46,"column":224},"end":{"line":46,"column":254}},"29":{"start":{"line":46,"column":275},"end":{"line":46,"column":304}},"30":{"start":{"line":46,"column":318},"end":{"line":46,"column":340}},"31":{"start":{"line":47,"column":6},"end":{"line":56,"column":182}},"32":{"start":{"line":54,"column":39},"end":{"line":54,"column":56}},"33":{"start":{"line":61,"column":10},"end":{"line":61,"column":27}},"34":{"start":{"line":61,"column":47},"end":{"line":61,"column":75}},"35":{"start":{"line":61,"column":75},"end":{"line":61,"column":418}},"36":{"start":{"line":61,"column":418},"end":{"line":61,"column":589}}},"fnMap":{"0":{"name":"(anonymous_0)","decl":{"start":{"line":15,"column":12},"end":{"line":15,"column":13}},"loc":{"start":{"line":15,"column":34},"end":{"line":61,"column":28}},"line":15},"1":{"name":"ListItems","decl":{"start":{"line":41,"column":11},"end":{"line":41,"column":20}},"loc":{"start":{"line":41,"column":28},"end":{"line":43,"column":3}},"line":41},"2":{"name":"render","decl":{"start":{"line":43,"column":75},"end":{"line":43,"column":81}},"loc":{"start":{"line":45,"column":4},"end":{"line":61,"column":5}},"line":45},"3":{"name":"onPress","decl":{"start":{"line":54,"column":28},"end":{"line":54,"column":35}},"loc":{"start":{"line":54,"column":38},"end":{"line":54,"column":57}},"line":54}},"branchMap":{"0":{"loc":{"start":{"line":50,"column":8},"end":{"line":50,"column":193}},"type":"binary-expr","locations":[{"start":{"line":50,"column":8},"end":{"line":50,"column":17}},{"start":{"line":50,"column":21},"end":{"line":50,"column":193}}],"line":50},"1":{"loc":{"start":{"line":53,"column":8},"end":{"line":56,"column":178}},"type":"binary-expr","locations":[{"start":{"line":53,"column":8},"end":{"line":53,"column":28}},{"start":{"line":53,"column":32},"end":{"line":56,"column":178}}],"line":53},"2":{"loc":{"start":{"line":56,"column":67},"end":{"line":56,"column":120}},"type":"cond-expr","locations":[{"start":{"line":56,"column":79},"end":{"line":56,"column":91}},{"start":{"line":56,"column":94},"end":{"line":56,"column":120}}],"line":56}},"s":{"0":1,"1":1,"2":1,"3":1,"4":1,"5":1,"6":1,"7":1,"8":1,"9":1,"10":1,"11":1,"12":1,"13":1,"14":1,"15":1,"16":1,"17":1,"18":1,"19":7,"20":7,"21":1,"22":7,"23":7,"24":7,"25":7,"26":7,"27":7,"28":7,"29":7,"30":7,"31":7,"32":0,"33":1,"34":1,"35":1,"36":1},"f":{"0":1,"1":7,"2":7,"3":0},"b":{"0":[7,7],"1":[7,7],"2":[0,7]},"_coverageSchema":"332fd63041d2c1bcb487cc26dd0d5f7d97098a6c","hash":"52d59e08ae426a77b9605c5638582cad7b73fc72"}
,"D:\\Projects\\newsApp\\src\\components\\ModalBox.js": {"path":"D:\\Projects\\newsApp\\src\\components\\ModalBox.js","statementMap":{"0":{"start":{"line":1,"column":42},"end":{"line":1,"column":97}},"1":{"start":{"line":1,"column":128},"end":{"line":1,"column":184}},"2":{"start":{"line":1,"column":185},"end":{"line":1,"column":247}},"3":{"start":{"line":1,"column":247},"end":{"line":1,"column":272}},"4":{"start":{"line":1,"column":295},"end":{"line":1,"column":367}},"5":{"start":{"line":1,"column":388},"end":{"line":1,"column":457}},"6":{"start":{"line":1,"column":492},"end":{"line":1,"column":575}},"7":{"start":{"line":1,"column":599},"end":{"line":1,"column":671}},"8":{"start":{"line":1,"column":689},"end":{"line":1,"column":755}},"9":{"start":{"line":1,"column":786},"end":{"line":1,"column":865}},"10":{"start":{"line":1,"column":879},"end":{"line":1,"column":920}},"11":{"start":{"line":2,"column":19},"end":{"line":2,"column":42}},"12":{"start":{"line":10,"column":17},"end":{"line":10,"column":62}},"13":{"start":{"line":11,"column":17},"end":{"line":11,"column":63}},"14":{"start":{"line":13,"column":14},"end":{"line":13,"column":51}},"15":{"start":{"line":14,"column":19},"end":{"line":14,"column":82}},"16":{"start":{"line":14,"column":102},"end":{"line":14,"column":155}},"17":{"start":{"line":16,"column":32},"end":{"line":16,"column":75}},"18":{"start":{"line":21,"column":11},"end":{"line":142,"column":45}},"19":{"start":{"line":21,"column":34},"end":{"line":21,"column":80}},"20":{"start":{"line":46,"column":38},"end":{"line":46,"column":84}},"21":{"start":{"line":47,"column":4},"end":{"line":47,"column":118}},"22":{"start":{"line":48,"column":4},"end":{"line":51,"column":27}},"23":{"start":{"line":53,"column":4},"end":{"line":53,"column":134}},"24":{"start":{"line":53,"column":134},"end":{"line":53,"column":147}},"25":{"start":{"line":54,"column":3},"end":{"line":142,"column":10}},"26":{"start":{"line":61,"column":15},"end":{"line":62,"column":76}},"27":{"start":{"line":62,"column":55},"end":{"line":62,"column":72}},"28":{"start":{"line":64,"column":6},"end":{"line":72,"column":7}},"29":{"start":{"line":65,"column":8},"end":{"line":69,"column":9}},"30":{"start":{"line":66,"column":10},"end":{"line":66,"column":57}},"31":{"start":{"line":68,"column":10},"end":{"line":68,"column":38}},"32":{"start":{"line":71,"column":8},"end":{"line":71,"column":18}},"33":{"start":{"line":80,"column":6},"end":{"line":89,"column":7}},"34":{"start":{"line":81,"column":19},"end":{"line":81,"column":41}},"35":{"start":{"line":82,"column":20},"end":{"line":82,"column":45}},"36":{"start":{"line":83,"column":8},"end":{"line":83,"column":30}},"37":{"start":{"line":84,"column":8},"end":{"line":84,"column":77}},"38":{"start":{"line":86,"column":22},"end":{"line":86,"column":44}},"39":{"start":{"line":87,"column":8},"end":{"line":87,"column":34}},"40":{"start":{"line":88,"column":8},"end":{"line":88,"column":83}},"41":{"start":{"line":92,"column":18},"end":{"line":92,"column":22}},"42":{"start":{"line":93,"column":20},"end":{"line":93,"column":42}},"43":{"start":{"line":94,"column":6},"end":{"line":135,"column":171}},"44":{"start":{"line":99,"column":53},"end":{"line":99,"column":69}},"45":{"start":{"line":118,"column":12},"end":{"line":123,"column":77}},"46":{"start":{"line":122,"column":18},"end":{"line":122,"column":49}},"47":{"start":{"line":132,"column":12},"end":{"line":132,"column":63}},"48":{"start":{"line":142,"column":10},"end":{"line":142,"column":26}},"49":{"start":{"line":142,"column":46},"end":{"line":142,"column":73}},"50":{"start":{"line":142,"column":73},"end":{"line":142,"column":559}},"51":{"start":{"line":142,"column":559},"end":{"line":142,"column":638}}},"fnMap":{"0":{"name":"(anonymous_0)","decl":{"start":{"line":21,"column":11},"end":{"line":21,"column":12}},"loc":{"start":{"line":21,"column":33},"end":{"line":142,"column":27}},"line":21},"1":{"name":"ModalBox","decl":{"start":{"line":46,"column":11},"end":{"line":46,"column":19}},"loc":{"start":{"line":46,"column":27},"end":{"line":54,"column":3}},"line":46},"2":{"name":"getListItems","decl":{"start":{"line":54,"column":80},"end":{"line":54,"column":92}},"loc":{"start":{"line":60,"column":4},"end":{"line":73,"column":5}},"line":60},"3":{"name":"rowHasChanged","decl":{"start":{"line":62,"column":32},"end":{"line":62,"column":45}},"loc":{"start":{"line":62,"column":54},"end":{"line":62,"column":73}},"line":62},"4":{"name":"addFilterItem","decl":{"start":{"line":73,"column":49},"end":{"line":73,"column":62}},"loc":{"start":{"line":79,"column":14},"end":{"line":90,"column":5}},"line":79},"5":{"name":"render","decl":{"start":{"line":90,"column":42},"end":{"line":90,"column":48}},"loc":{"start":{"line":92,"column":4},"end":{"line":142,"column":5}},"line":92},"6":{"name":"onRequestClose","decl":{"start":{"line":99,"column":35},"end":{"line":99,"column":49}},"loc":{"start":{"line":99,"column":52},"end":{"line":99,"column":70}},"line":99},"7":{"name":"renderRow","decl":{"start":{"line":117,"column":30},"end":{"line":117,"column":39}},"loc":{"start":{"line":117,"column":56},"end":{"line":125,"column":11}},"line":117},"8":{"name":"onCheck","decl":{"start":{"line":121,"column":34},"end":{"line":121,"column":41}},"loc":{"start":{"line":121,"column":52},"end":{"line":123,"column":17}},"line":121},"9":{"name":"onPress","decl":{"start":{"line":131,"column":28},"end":{"line":131,"column":35}},"loc":{"start":{"line":131,"column":38},"end":{"line":133,"column":11}},"line":131}},"branchMap":{"0":{"loc":{"start":{"line":65,"column":8},"end":{"line":69,"column":9}},"type":"if","locations":[{"start":{"line":65,"column":8},"end":{"line":69,"column":9}},{"start":{"line":65,"column":8},"end":{"line":69,"column":9}}],"line":65},"1":{"loc":{"start":{"line":80,"column":6},"end":{"line":89,"column":7}},"type":"if","locations":[{"start":{"line":80,"column":6},"end":{"line":89,"column":7}},{"start":{"line":80,"column":6},"end":{"line":89,"column":7}}],"line":80}},"s":{"0":1,"1":1,"2":1,"3":1,"4":1,"5":1,"6":1,"7":1,"8":1,"9":1,"10":1,"11":1,"12":1,"13":1,"14":1,"15":1,"16":1,"17":1,"18":1,"19":1,"20":2,"21":2,"22":2,"23":2,"24":2,"25":1,"26":2,"27":0,"28":2,"29":2,"30":2,"31":0,"32":0,"33":0,"34":0,"35":0,"36":0,"37":0,"38":0,"39":0,"40":0,"41":2,"42":2,"43":2,"44":0,"45":7,"46":0,"47":0,"48":1,"49":1,"50":1,"51":1},"f":{"0":1,"1":2,"2":2,"3":0,"4":0,"5":2,"6":0,"7":7,"8":0,"9":0},"b":{"0":[2,0],"1":[0,0]},"_coverageSchema":"332fd63041d2c1bcb487cc26dd0d5f7d97098a6c","hash":"e629961249e69872b9d53bfe9220844f609305e8"}
,"D:\\Projects\\newsApp\\src\\components\\Spinner.js": {"path":"D:\\Projects\\newsApp\\src\\components\\Spinner.js","statementMap":{"0":{"start":{"line":1,"column":42},"end":{"line":1,"column":97}},"1":{"start":{"line":1,"column":128},"end":{"line":1,"column":184}},"2":{"start":{"line":1,"column":185},"end":{"line":1,"column":247}},"3":{"start":{"line":1,"column":247},"end":{"line":1,"column":272}},"4":{"start":{"line":1,"column":295},"end":{"line":1,"column":367}},"5":{"start":{"line":1,"column":388},"end":{"line":1,"column":457}},"6":{"start":{"line":1,"column":492},"end":{"line":1,"column":575}},"7":{"start":{"line":1,"column":599},"end":{"line":1,"column":671}},"8":{"start":{"line":1,"column":689},"end":{"line":1,"column":755}},"9":{"start":{"line":1,"column":769},"end":{"line":1,"column":810}},"10":{"start":{"line":2,"column":17},"end":{"line":2,"column":62}},"11":{"start":{"line":3,"column":19},"end":{"line":3,"column":42}},"12":{"start":{"line":4,"column":19},"end":{"line":4,"column":82}},"13":{"start":{"line":4,"column":102},"end":{"line":4,"column":154}},"14":{"start":{"line":6,"column":16},"end":{"line":6,"column":41}},"15":{"start":{"line":7,"column":12},"end":{"line":7,"column":40}},"16":{"start":{"line":12,"column":10},"end":{"line":132,"column":44}},"17":{"start":{"line":12,"column":33},"end":{"line":12,"column":78}},"18":{"start":{"line":39,"column":37},"end":{"line":39,"column":82}},"19":{"start":{"line":40,"column":4},"end":{"line":40,"column":117}},"20":{"start":{"line":41,"column":4},"end":{"line":43,"column":45}},"21":{"start":{"line":43,"column":45},"end":{"line":43,"column":58}},"22":{"start":{"line":45,"column":3},"end":{"line":132,"column":10}},"23":{"start":{"line":52,"column":16},"end":{"line":52,"column":33}},"24":{"start":{"line":52,"column":48},"end":{"line":52,"column":69}},"25":{"start":{"line":53,"column":6},"end":{"line":53,"column":68}},"26":{"start":{"line":60,"column":6},"end":{"line":60,"column":40}},"27":{"start":{"line":67,"column":6},"end":{"line":69,"column":7}},"28":{"start":{"line":68,"column":8},"end":{"line":68,"column":21}},"29":{"start":{"line":77,"column":6},"end":{"line":88,"column":197}},"30":{"start":{"line":101,"column":18},"end":{"line":101,"column":22}},"31":{"start":{"line":102,"column":16},"end":{"line":102,"column":34}},"32":{"start":{"line":104,"column":6},"end":{"line":104,"column":34}},"33":{"start":{"line":104,"column":21},"end":{"line":104,"column":33}},"34":{"start":{"line":107,"column":6},"end":{"line":113,"column":35}},"35":{"start":{"line":117,"column":6},"end":{"line":125,"column":18}},"36":{"start":{"line":120,"column":53},"end":{"line":120,"column":91}},"37":{"start":{"line":131,"column":6},"end":{"line":131,"column":35}},"38":{"start":{"line":132,"column":10},"end":{"line":132,"column":25}},"39":{"start":{"line":132,"column":45},"end":{"line":132,"column":71}},"40":{"start":{"line":132,"column":71},"end":{"line":132,"column":439}},"41":{"start":{"line":132,"column":439},"end":{"line":132,"column":609}}},"fnMap":{"0":{"name":"(anonymous_0)","decl":{"start":{"line":12,"column":10},"end":{"line":12,"column":11}},"loc":{"start":{"line":12,"column":32},"end":{"line":132,"column":26}},"line":12},"1":{"name":"Spinner","decl":{"start":{"line":39,"column":11},"end":{"line":39,"column":18}},"loc":{"start":{"line":39,"column":26},"end":{"line":45,"column":3}},"line":39},"2":{"name":"UNSAFE_componentWillReceiveProps","decl":{"start":{"line":45,"column":99},"end":{"line":45,"column":131}},"loc":{"start":{"line":51,"column":15},"end":{"line":54,"column":5}},"line":51},"3":{"name":"close","decl":{"start":{"line":54,"column":41},"end":{"line":54,"column":46}},"loc":{"start":{"line":59,"column":4},"end":{"line":61,"column":5}},"line":59},"4":{"name":"_handleOnRequestClose","decl":{"start":{"line":61,"column":57},"end":{"line":61,"column":78}},"loc":{"start":{"line":66,"column":4},"end":{"line":70,"column":5}},"line":66},"5":{"name":"_renderDefaultContent","decl":{"start":{"line":70,"column":57},"end":{"line":70,"column":78}},"loc":{"start":{"line":76,"column":4},"end":{"line":95,"column":5}},"line":76},"6":{"name":"_renderSpinner","decl":{"start":{"line":95,"column":50},"end":{"line":95,"column":64}},"loc":{"start":{"line":101,"column":4},"end":{"line":128,"column":5}},"line":101},"7":{"name":"onRequestClose","decl":{"start":{"line":120,"column":35},"end":{"line":120,"column":49}},"loc":{"start":{"line":120,"column":52},"end":{"line":120,"column":92}},"line":120},"8":{"name":"render","decl":{"start":{"line":128,"column":42},"end":{"line":128,"column":48}},"loc":{"start":{"line":130,"column":4},"end":{"line":132,"column":5}},"line":130}},"branchMap":{"0":{"loc":{"start":{"line":67,"column":6},"end":{"line":69,"column":7}},"type":"if","locations":[{"start":{"line":67,"column":6},"end":{"line":69,"column":7}},{"start":{"line":67,"column":6},"end":{"line":69,"column":7}}],"line":67},"1":{"loc":{"start":{"line":104,"column":6},"end":{"line":104,"column":34}},"type":"if","locations":[{"start":{"line":104,"column":6},"end":{"line":104,"column":34}},{"start":{"line":104,"column":6},"end":{"line":104,"column":34}}],"line":104},"2":{"loc":{"start":{"line":111,"column":6},"end":{"line":113,"column":34}},"type":"cond-expr","locations":[{"start":{"line":112,"column":6},"end":{"line":112,"column":25}},{"start":{"line":113,"column":6},"end":{"line":113,"column":34}}],"line":111}},"s":{"0":1,"1":1,"2":1,"3":1,"4":1,"5":1,"6":1,"7":1,"8":1,"9":1,"10":1,"11":1,"12":1,"13":1,"14":1,"15":1,"16":1,"17":1,"18":2,"19":2,"20":2,"21":2,"22":1,"23":0,"24":0,"25":0,"26":0,"27":0,"28":0,"29":0,"30":2,"31":2,"32":2,"33":2,"34":0,"35":0,"36":0,"37":2,"38":1,"39":1,"40":1,"41":1},"f":{"0":1,"1":2,"2":0,"3":0,"4":0,"5":0,"6":2,"7":0,"8":2},"b":{"0":[0,0],"1":[2,0],"2":[0,0]},"_coverageSchema":"332fd63041d2c1bcb487cc26dd0d5f7d97098a6c","hash":"91857522408bc83bda2550ceb5c44c922cd1706b"}
,"D:\\Projects\\newsApp\\src\\components\\News\\index.js": {"path":"D:\\Projects\\newsApp\\src\\components\\News\\index.js","statementMap":{"0":{"start":{"line":1,"column":42},"end":{"line":1,"column":97}},"1":{"start":{"line":1,"column":128},"end":{"line":1,"column":184}},"2":{"start":{"line":1,"column":185},"end":{"line":1,"column":247}},"3":{"start":{"line":1,"column":247},"end":{"line":1,"column":272}},"4":{"start":{"line":1,"column":298},"end":{"line":1,"column":373}},"5":{"start":{"line":1,"column":397},"end":{"line":1,"column":469}},"6":{"start":{"line":1,"column":490},"end":{"line":1,"column":559}},"7":{"start":{"line":1,"column":594},"end":{"line":1,"column":677}},"8":{"start":{"line":1,"column":701},"end":{"line":1,"column":773}},"9":{"start":{"line":1,"column":791},"end":{"line":1,"column":857}},"10":{"start":{"line":1,"column":888},"end":{"line":1,"column":967}},"11":{"start":{"line":1,"column":981},"end":{"line":1,"column":1022}},"12":{"start":{"line":2,"column":19},"end":{"line":2,"column":42}},"13":{"start":{"line":10,"column":17},"end":{"line":10,"column":62}},"14":{"start":{"line":11,"column":18},"end":{"line":11,"column":40}},"15":{"start":{"line":12,"column":28},"end":{"line":12,"column":86}},"16":{"start":{"line":14,"column":14},"end":{"line":14,"column":63}},"17":{"start":{"line":16,"column":15},"end":{"line":16,"column":60}},"18":{"start":{"line":17,"column":16},"end":{"line":17,"column":62}},"19":{"start":{"line":19,"column":14},"end":{"line":19,"column":54}},"20":{"start":{"line":20,"column":17},"end":{"line":20,"column":82}},"21":{"start":{"line":21,"column":19},"end":{"line":21,"column":85}},"22":{"start":{"line":21,"column":105},"end":{"line":21,"column":161}},"23":{"start":{"line":23,"column":13},"end":{"line":23,"column":37}},"24":{"start":{"line":23,"column":50},"end":{"line":23,"column":73}},"25":{"start":{"line":28,"column":11},"end":{"line":198,"column":45}},"26":{"start":{"line":28,"column":34},"end":{"line":28,"column":80}},"27":{"start":{"line":78,"column":38},"end":{"line":78,"column":84}},"28":{"start":{"line":79,"column":4},"end":{"line":79,"column":118}},"29":{"start":{"line":79,"column":118},"end":{"line":149,"column":6}},"30":{"start":{"line":137,"column":18},"end":{"line":137,"column":53}},"31":{"start":{"line":138,"column":18},"end":{"line":138,"column":33}},"32":{"start":{"line":139,"column":6},"end":{"line":145,"column":169}},"33":{"start":{"line":142,"column":39},"end":{"line":142,"column":105}},"34":{"start":{"line":149,"column":6},"end":{"line":149,"column":117}},"35":{"start":{"line":149,"column":117},"end":{"line":149,"column":259}},"36":{"start":{"line":149,"column":259},"end":{"line":149,"column":413}},"37":{"start":{"line":149,"column":413},"end":{"line":149,"column":426}},"38":{"start":{"line":149,"column":427},"end":{"line":198,"column":10}},"39":{"start":{"line":149,"column":553},"end":{"line":149,"column":580}},"40":{"start":{"line":149,"column":581},"end":{"line":149,"column":691}},"41":{"start":{"line":149,"column":691},"end":{"line":149,"column":737}},"42":{"start":{"line":149,"column":737},"end":{"line":149,"column":840}},"43":{"start":{"line":149,"column":949},"end":{"line":149,"column":967}},"44":{"start":{"line":149,"column":967},"end":{"line":149,"column":1342}},"45":{"start":{"line":149,"column":1105},"end":{"line":149,"column":1341}},"46":{"start":{"line":149,"column":1165},"end":{"line":149,"column":1195}},"47":{"start":{"line":149,"column":1196},"end":{"line":149,"column":1340}},"48":{"start":{"line":149,"column":1432},"end":{"line":149,"column":1463}},"49":{"start":{"line":149,"column":1479},"end":{"line":149,"column":1501}},"50":{"start":{"line":149,"column":1502},"end":{"line":149,"column":1768}},"51":{"start":{"line":149,"column":1573},"end":{"line":149,"column":1698}},"52":{"start":{"line":149,"column":1698},"end":{"line":149,"column":1767}},"53":{"start":{"line":155,"column":6},"end":{"line":155,"column":48}},"54":{"start":{"line":163,"column":6},"end":{"line":163,"column":116}},"55":{"start":{"line":164,"column":6},"end":{"line":164,"column":90}},"56":{"start":{"line":167,"column":18},"end":{"line":167,"column":22}},"57":{"start":{"line":168,"column":6},"end":{"line":194,"column":152}},"58":{"start":{"line":192,"column":41},"end":{"line":192,"column":86}},"59":{"start":{"line":193,"column":49},"end":{"line":193,"column":94}},"60":{"start":{"line":194,"column":55},"end":{"line":194,"column":90}},"61":{"start":{"line":198,"column":10},"end":{"line":198,"column":26}},"62":{"start":{"line":198,"column":46},"end":{"line":198,"column":80}},"63":{"start":{"line":198,"column":80},"end":{"line":198,"column":317}},"64":{"start":{"line":198,"column":317},"end":{"line":198,"column":1422}},"65":{"start":{"line":198,"column":369},"end":{"line":198,"column":1420}},"66":{"start":{"line":198,"column":723},"end":{"line":198,"column":760}},"67":{"start":{"line":198,"column":1123},"end":{"line":198,"column":1190}},"68":{"start":{"line":198,"column":1422},"end":{"line":198,"column":1449}},"69":{"start":{"line":201,"column":0},"end":{"line":201,"column":36}},"70":{"start":{"line":201,"column":37},"end":{"line":201,"column":64}}},"fnMap":{"0":{"name":"(anonymous_0)","decl":{"start":{"line":28,"column":11},"end":{"line":28,"column":12}},"loc":{"start":{"line":28,"column":33},"end":{"line":198,"column":27}},"line":28},"1":{"name":"NewsView","decl":{"start":{"line":78,"column":11},"end":{"line":78,"column":19}},"loc":{"start":{"line":78,"column":27},"end":{"line":149,"column":427}},"line":78},"2":{"name":"(anonymous_2)","decl":{"start":{"line":136,"column":21},"end":{"line":136,"column":22}},"loc":{"start":{"line":136,"column":44},"end":{"line":149,"column":5}},"line":136},"3":{"name":"onPress","decl":{"start":{"line":142,"column":28},"end":{"line":142,"column":35}},"loc":{"start":{"line":142,"column":38},"end":{"line":142,"column":106}},"line":142},"4":{"name":"componentDidMount","decl":{"start":{"line":149,"column":509},"end":{"line":149,"column":526}},"loc":{"start":{"line":149,"column":529},"end":{"line":149,"column":841}},"line":149},"5":{"name":"UNSAFE_componentWillReceiveProps","decl":{"start":{"line":149,"column":904},"end":{"line":149,"column":936}},"loc":{"start":{"line":149,"column":948},"end":{"line":149,"column":1343}},"line":149},"6":{"name":"renderLoadMoreItems","decl":{"start":{"line":149,"column":1393},"end":{"line":149,"column":1412}},"loc":{"start":{"line":149,"column":1415},"end":{"line":149,"column":1769}},"line":149},"7":{"name":"onModalPopupActionHandler","decl":{"start":{"line":149,"column":1825},"end":{"line":149,"column":1850}},"loc":{"start":{"line":154,"column":4},"end":{"line":156,"column":5}},"line":154},"8":{"name":"beginSearch","decl":{"start":{"line":156,"column":47},"end":{"line":156,"column":58}},"loc":{"start":{"line":162,"column":20},"end":{"line":165,"column":5}},"line":162},"9":{"name":"render","decl":{"start":{"line":165,"column":42},"end":{"line":165,"column":48}},"loc":{"start":{"line":167,"column":4},"end":{"line":198,"column":5}},"line":167},"10":{"name":"actionOk","decl":{"start":{"line":192,"column":29},"end":{"line":192,"column":37}},"loc":{"start":{"line":192,"column":40},"end":{"line":192,"column":87}},"line":192},"11":{"name":"actionCancel","decl":{"start":{"line":193,"column":33},"end":{"line":193,"column":45}},"loc":{"start":{"line":193,"column":48},"end":{"line":193,"column":95}},"line":193},"12":{"name":"doSearch","decl":{"start":{"line":194,"column":29},"end":{"line":194,"column":37}},"loc":{"start":{"line":194,"column":54},"end":{"line":194,"column":91}},"line":194},"13":{"name":"(anonymous_13)","decl":{"start":{"line":198,"column":346},"end":{"line":198,"column":347}},"loc":{"start":{"line":198,"column":368},"end":{"line":198,"column":1421}},"line":198},"14":{"name":"onPress","decl":{"start":{"line":198,"column":712},"end":{"line":198,"column":719}},"loc":{"start":{"line":198,"column":722},"end":{"line":198,"column":761}},"line":198},"15":{"name":"onPress","decl":{"start":{"line":198,"column":1112},"end":{"line":198,"column":1119}},"loc":{"start":{"line":198,"column":1122},"end":{"line":198,"column":1191}},"line":198}},"branchMap":{"0":{"loc":{"start":{"line":149,"column":967},"end":{"line":149,"column":1342}},"type":"if","locations":[{"start":{"line":149,"column":967},"end":{"line":149,"column":1342}},{"start":{"line":149,"column":967},"end":{"line":149,"column":1342}}],"line":149},"1":{"loc":{"start":{"line":149,"column":971},"end":{"line":149,"column":1102}},"type":"binary-expr","locations":[{"start":{"line":149,"column":971},"end":{"line":149,"column":989}},{"start":{"line":149,"column":993},"end":{"line":149,"column":1035}},{"start":{"line":149,"column":1039},"end":{"line":149,"column":1064}},{"start":{"line":149,"column":1068},"end":{"line":149,"column":1102}}],"line":149},"2":{"loc":{"start":{"line":149,"column":1105},"end":{"line":149,"column":1341}},"type":"if","locations":[{"start":{"line":149,"column":1105},"end":{"line":149,"column":1341}},{"start":{"line":149,"column":1105},"end":{"line":149,"column":1341}}],"line":149},"3":{"loc":{"start":{"line":149,"column":1502},"end":{"line":149,"column":1768}},"type":"if","locations":[{"start":{"line":149,"column":1502},"end":{"line":149,"column":1768}},{"start":{"line":149,"column":1502},"end":{"line":149,"column":1768}}],"line":149},"4":{"loc":{"start":{"line":172,"column":8},"end":{"line":182,"column":179}},"type":"cond-expr","locations":[{"start":{"line":173,"column":8},"end":{"line":179,"column":106}},{"start":{"line":182,"column":8},"end":{"line":182,"column":179}}],"line":172},"5":{"loc":{"start":{"line":172,"column":8},"end":{"line":172,"column":61}},"type":"binary-expr","locations":[{"start":{"line":172,"column":8},"end":{"line":172,"column":27}},{"start":{"line":172,"column":31},"end":{"line":172,"column":61}}],"line":172},"6":{"loc":{"start":{"line":191,"column":22},"end":{"line":191,"column":86}},"type":"cond-expr","locations":[{"start":{"line":191,"column":47},"end":{"line":191,"column":81}},{"start":{"line":191,"column":84},"end":{"line":191,"column":86}}],"line":191}},"s":{"0":1,"1":1,"2":1,"3":1,"4":1,"5":1,"6":1,"7":1,"8":1,"9":1,"10":1,"11":1,"12":1,"13":1,"14":1,"15":1,"16":1,"17":1,"18":1,"19":1,"20":1,"21":1,"22":1,"23":1,"24":1,"25":1,"26":1,"27":3,"28":3,"29":3,"30":2,"31":2,"32":2,"33":1,"34":3,"35":3,"36":3,"37":3,"38":1,"39":3,"40":3,"41":3,"42":3,"43":1,"44":1,"45":1,"46":1,"47":1,"48":0,"49":0,"50":0,"51":0,"52":0,"53":0,"54":1,"55":1,"56":9,"57":9,"58":1,"59":1,"60":1,"61":1,"62":1,"63":1,"64":1,"65":0,"66":0,"67":0,"68":1,"69":1,"70":1},"f":{"0":1,"1":3,"2":2,"3":1,"4":3,"5":1,"6":0,"7":0,"8":1,"9":9,"10":1,"11":1,"12":1,"13":0,"14":0,"15":0},"b":{"0":[1,0],"1":[1,1,1,1],"2":[1,0],"3":[0,0],"4":[5,4],"5":[9,9],"6":[1,8]},"_coverageSchema":"332fd63041d2c1bcb487cc26dd0d5f7d97098a6c","hash":"73d9acfd5c1b973082241a8bcddb5ae18adfb77b"}
,"D:\\Projects\\newsApp\\src\\redux\\appReducer.js": {"path":"D:\\Projects\\newsApp\\src\\redux\\appReducer.js","statementMap":{"0":{"start":{"line":1,"column":43},"end":{"line":1,"column":99}},"1":{"start":{"line":1,"column":100},"end":{"line":1,"column":162}},"2":{"start":{"line":1,"column":162},"end":{"line":1,"column":191}},"3":{"start":{"line":1,"column":208},"end":{"line":1,"column":228}},"4":{"start":{"line":2,"column":14},"end":{"line":2,"column":66}},"5":{"start":{"line":6,"column":19},"end":{"line":7,"column":19}},"6":{"start":{"line":16,"column":35},"end":{"line":16,"column":115}},"7":{"start":{"line":16,"column":129},"end":{"line":16,"column":176}},"8":{"start":{"line":17,"column":2},"end":{"line":21,"column":20}},"9":{"start":{"line":19,"column":6},"end":{"line":19,"column":50}},"10":{"start":{"line":21,"column":6},"end":{"line":21,"column":19}}},"fnMap":{"0":{"name":"appReducer","decl":{"start":{"line":16,"column":9},"end":{"line":16,"column":19}},"loc":{"start":{"line":16,"column":22},"end":{"line":23,"column":1}},"line":16}},"branchMap":{"0":{"loc":{"start":{"line":16,"column":35},"end":{"line":16,"column":115}},"type":"cond-expr","locations":[{"start":{"line":16,"column":88},"end":{"line":16,"column":100}},{"start":{"line":16,"column":103},"end":{"line":16,"column":115}}],"line":16},"1":{"loc":{"start":{"line":16,"column":35},"end":{"line":16,"column":85}},"type":"binary-expr","locations":[{"start":{"line":16,"column":35},"end":{"line":16,"column":55}},{"start":{"line":16,"column":59},"end":{"line":16,"column":85}}],"line":16},"2":{"loc":{"start":{"line":16,"column":129},"end":{"line":16,"column":176}},"type":"cond-expr","locations":[{"start":{"line":16,"column":152},"end":{"line":16,"column":164}},{"start":{"line":16,"column":167},"end":{"line":16,"column":176}}],"line":16},"3":{"loc":{"start":{"line":17,"column":2},"end":{"line":21,"column":20}},"type":"switch","locations":[{"start":{"line":18,"column":4},"end":{"line":19,"column":50}},{"start":{"line":20,"column":4},"end":{"line":21,"column":19}}],"line":17}},"s":{"0":1,"1":1,"2":1,"3":1,"4":1,"5":1,"6":29,"7":29,"8":29,"9":14,"10":15},"f":{"0":29},"b":{"0":[28,1],"1":[29,29],"2":[29,0],"3":[14,15]},"_coverageSchema":"332fd63041d2c1bcb487cc26dd0d5f7d97098a6c","hash":"19a893aef45e997fc0891a662fd90faed0dce26d"}
,"D:\\Projects\\newsApp\\src\\redux\\newsReducer.js": {"path":"D:\\Projects\\newsApp\\src\\redux\\newsReducer.js","statementMap":{"0":{"start":{"line":1,"column":43},"end":{"line":1,"column":99}},"1":{"start":{"line":1,"column":100},"end":{"line":1,"column":162}},"2":{"start":{"line":1,"column":162},"end":{"line":1,"column":192}},"3":{"start":{"line":1,"column":209},"end":{"line":1,"column":229}},"4":{"start":{"line":2,"column":14},"end":{"line":2,"column":66}},"5":{"start":{"line":7,"column":19},"end":{"line":9,"column":20}},"6":{"start":{"line":17,"column":36},"end":{"line":17,"column":116}},"7":{"start":{"line":17,"column":130},"end":{"line":17,"column":177}},"8":{"start":{"line":18,"column":2},"end":{"line":41,"column":20}},"9":{"start":{"line":20,"column":6},"end":{"line":20,"column":19}},"10":{"start":{"line":23,"column":6},"end":{"line":23,"column":19}},"11":{"start":{"line":26,"column":6},"end":{"line":26,"column":51}},"12":{"start":{"line":29,"column":6},"end":{"line":29,"column":19}},"13":{"start":{"line":32,"column":6},"end":{"line":32,"column":19}},"14":{"start":{"line":35,"column":6},"end":{"line":35,"column":54}},"15":{"start":{"line":38,"column":6},"end":{"line":38,"column":19}},"16":{"start":{"line":41,"column":6},"end":{"line":41,"column":19}}},"fnMap":{"0":{"name":"newsReducer","decl":{"start":{"line":17,"column":9},"end":{"line":17,"column":20}},"loc":{"start":{"line":17,"column":23},"end":{"line":43,"column":1}},"line":17}},"branchMap":{"0":{"loc":{"start":{"line":17,"column":36},"end":{"line":17,"column":116}},"type":"cond-expr","locations":[{"start":{"line":17,"column":89},"end":{"line":17,"column":101}},{"start":{"line":17,"column":104},"end":{"line":17,"column":116}}],"line":17},"1":{"loc":{"start":{"line":17,"column":36},"end":{"line":17,"column":86}},"type":"binary-expr","locations":[{"start":{"line":17,"column":36},"end":{"line":17,"column":56}},{"start":{"line":17,"column":60},"end":{"line":17,"column":86}}],"line":17},"2":{"loc":{"start":{"line":17,"column":130},"end":{"line":17,"column":177}},"type":"cond-expr","locations":[{"start":{"line":17,"column":153},"end":{"line":17,"column":165}},{"start":{"line":17,"column":168},"end":{"line":17,"column":177}}],"line":17},"3":{"loc":{"start":{"line":18,"column":2},"end":{"line":41,"column":20}},"type":"switch","locations":[{"start":{"line":19,"column":4},"end":{"line":20,"column":19}},{"start":{"line":22,"column":4},"end":{"line":23,"column":19}},{"start":{"line":25,"column":4},"end":{"line":26,"column":51}},{"start":{"line":28,"column":4},"end":{"line":29,"column":19}},{"start":{"line":31,"column":4},"end":{"line":32,"column":19}},{"start":{"line":34,"column":4},"end":{"line":35,"column":54}},{"start":{"line":37,"column":4},"end":{"line":38,"column":19}},{"start":{"line":40,"column":4},"end":{"line":41,"column":19}}],"line":18}},"s":{"0":1,"1":1,"2":1,"3":1,"4":1,"5":1,"6":29,"7":29,"8":29,"9":4,"10":3,"11":0,"12":4,"13":0,"14":0,"15":3,"16":15},"f":{"0":29},"b":{"0":[28,1],"1":[29,29],"2":[29,0],"3":[4,3,0,4,0,0,3,15]},"_coverageSchema":"332fd63041d2c1bcb487cc26dd0d5f7d97098a6c","hash":"ec572246a67868dbe8f274b84ebfa9ce4a0a78c9"}
,"D:\\Projects\\newsApp\\src\\redux\\reducer.js": {"path":"D:\\Projects\\newsApp\\src\\redux\\reducer.js","statementMap":{"0":{"start":{"line":1,"column":42},"end":{"line":1,"column":97}},"1":{"start":{"line":1,"column":98},"end":{"line":1,"column":160}},"2":{"start":{"line":1,"column":160},"end":{"line":1,"column":190}},"3":{"start":{"line":1,"column":212},"end":{"line":1,"column":283}},"4":{"start":{"line":1,"column":301},"end":{"line":1,"column":321}},"5":{"start":{"line":2,"column":31},"end":{"line":2,"column":68}},"6":{"start":{"line":3,"column":18},"end":{"line":3,"column":65}},"7":{"start":{"line":4,"column":19},"end":{"line":4,"column":67}},"8":{"start":{"line":5,"column":18},"end":{"line":5,"column":31}},"9":{"start":{"line":7,"column":15},"end":{"line":9,"column":37}},"10":{"start":{"line":14,"column":30},"end":{"line":14,"column":51}},"11":{"start":{"line":15,"column":19},"end":{"line":15,"column":94}},"12":{"start":{"line":15,"column":54},"end":{"line":15,"column":93}},"13":{"start":{"line":16,"column":19},"end":{"line":16,"column":91}},"14":{"start":{"line":16,"column":61},"end":{"line":16,"column":90}},"15":{"start":{"line":18,"column":18},"end":{"line":22,"column":13}},"16":{"start":{"line":26,"column":2},"end":{"line":28,"column":38}},"17":{"start":{"line":28,"column":47},"end":{"line":28,"column":84}},"18":{"start":{"line":28,"column":97},"end":{"line":28,"column":105}},"19":{"start":{"line":28,"column":116},"end":{"line":28,"column":124}},"20":{"start":{"line":31,"column":2},"end":{"line":31,"column":88}}},"fnMap":{"0":{"name":"getImmutable","decl":{"start":{"line":15,"column":28},"end":{"line":15,"column":40}},"loc":{"start":{"line":15,"column":53},"end":{"line":15,"column":94}},"line":15},"1":{"name":"setImmutable","decl":{"start":{"line":16,"column":28},"end":{"line":16,"column":40}},"loc":{"start":{"line":16,"column":60},"end":{"line":16,"column":91}},"line":16},"2":{"name":"mainReducer","decl":{"start":{"line":25,"column":9},"end":{"line":25,"column":20}},"loc":{"start":{"line":25,"column":36},"end":{"line":32,"column":1}},"line":25}},"branchMap":{"0":{"loc":{"start":{"line":15,"column":61},"end":{"line":15,"column":92}},"type":"cond-expr","locations":[{"start":{"line":15,"column":69},"end":{"line":15,"column":83}},{"start":{"line":15,"column":86},"end":{"line":15,"column":92}}],"line":15},"1":{"loc":{"start":{"line":26,"column":2},"end":{"line":28,"column":38}},"type":"cond-expr","locations":[{"start":{"line":27,"column":2},"end":{"line":27,"column":37}},{"start":{"line":28,"column":2},"end":{"line":28,"column":38}}],"line":26},"2":{"loc":{"start":{"line":28,"column":14},"end":{"line":28,"column":29}},"type":"binary-expr","locations":[{"start":{"line":28,"column":14},"end":{"line":28,"column":19}},{"start":{"line":28,"column":23},"end":{"line":28,"column":29}}],"line":28}},"s":{"0":1,"1":1,"2":1,"3":1,"4":1,"5":1,"6":1,"7":1,"8":1,"9":1,"10":1,"11":1,"12":58,"13":1,"14":58,"15":1,"16":29,"17":29,"18":29,"19":29,"20":29},"f":{"0":58,"1":58,"2":29},"b":{"0":[58,0],"1":[0,29],"2":[29,1]},"_coverageSchema":"332fd63041d2c1bcb487cc26dd0d5f7d97098a6c","hash":"8d9660e1e0361e422d62e65406ee451dd7d74980"}
,"D:\\Projects\\newsApp\\src\\redux\\store.js": {"path":"D:\\Projects\\newsApp\\src\\redux\\store.js","statementMap":{"0":{"start":{"line":1,"column":43},"end":{"line":1,"column":99}},"1":{"start":{"line":1,"column":129},"end":{"line":1,"column":184}},"2":{"start":{"line":1,"column":185},"end":{"line":1,"column":247}},"3":{"start":{"line":1,"column":247},"end":{"line":1,"column":280}},"4":{"start":{"line":2,"column":13},"end":{"line":2,"column":29}},"5":{"start":{"line":3,"column":18},"end":{"line":3,"column":64}},"6":{"start":{"line":4,"column":16},"end":{"line":4,"column":78}},"7":{"start":{"line":5,"column":17},"end":{"line":5,"column":62}},"8":{"start":{"line":7,"column":15},"end":{"line":7,"column":59}},"9":{"start":{"line":8,"column":13},"end":{"line":8,"column":56}},"10":{"start":{"line":10,"column":21},"end":{"line":10,"column":46}},"11":{"start":{"line":18,"column":20},"end":{"line":20,"column":17}},"12":{"start":{"line":23,"column":14},"end":{"line":26,"column":22}},"13":{"start":{"line":29,"column":2},"end":{"line":29,"column":37}},"14":{"start":{"line":30,"column":2},"end":{"line":30,"column":15}}},"fnMap":{"0":{"name":"configureStore","decl":{"start":{"line":16,"column":9},"end":{"line":16,"column":23}},"loc":{"start":{"line":16,"column":26},"end":{"line":31,"column":1}},"line":16}},"branchMap":{},"s":{"0":1,"1":1,"2":1,"3":1,"4":1,"5":1,"6":1,"7":1,"8":1,"9":1,"10":1,"11":1,"12":1,"13":1,"14":1},"f":{"0":1},"b":{},"_coverageSchema":"332fd63041d2c1bcb487cc26dd0d5f7d97098a6c","hash":"c6459eea74d418b98ce42debab9b65a0df7aab5a"}
,"D:\\Projects\\newsApp\\src\\sagas\\index.js": {"path":"D:\\Projects\\newsApp\\src\\sagas\\index.js","statementMap":{"0":{"start":{"line":1,"column":42},"end":{"line":1,"column":97}},"1":{"start":{"line":1,"column":98},"end":{"line":1,"column":160}},"2":{"start":{"line":1,"column":160},"end":{"line":1,"column":187}},"3":{"start":{"line":1,"column":206},"end":{"line":1,"column":267}},"4":{"start":{"line":1,"column":294},"end":{"line":1,"column":369}},"5":{"start":{"line":1,"column":385},"end":{"line":1,"column":414}},"6":{"start":{"line":2,"column":12},"end":{"line":2,"column":53}},"7":{"start":{"line":2,"column":68},"end":{"line":7,"column":9}},"8":{"start":{"line":7,"column":25},"end":{"line":7,"column":129}},"9":{"start":{"line":7,"column":55},"end":{"line":7,"column":128}},"10":{"start":{"line":7,"column":93},"end":{"line":7,"column":125}},"11":{"start":{"line":7,"column":151},"end":{"line":9,"column":97}},"12":{"start":{"line":7,"column":214},"end":{"line":9,"column":79}},"13":{"start":{"line":7,"column":225},"end":{"line":9,"column":78}},"14":{"start":{"line":7,"column":272},"end":{"line":7,"column":290}},"15":{"start":{"line":8,"column":10},"end":{"line":9,"column":36}},"16":{"start":{"line":9,"column":54},"end":{"line":9,"column":77}}},"fnMap":{"0":{"name":"forkList","decl":{"start":{"line":7,"column":34},"end":{"line":7,"column":42}},"loc":{"start":{"line":7,"column":54},"end":{"line":7,"column":129}},"line":7},"1":{"name":"(anonymous_1)","decl":{"start":{"line":7,"column":76},"end":{"line":7,"column":77}},"loc":{"start":{"line":7,"column":92},"end":{"line":7,"column":126}},"line":7},"2":{"name":"rootSaga","decl":{"start":{"line":7,"column":139},"end":{"line":7,"column":147}},"loc":{"start":{"line":7,"column":150},"end":{"line":9,"column":98}},"line":7},"3":{"name":"rootSaga$","decl":{"start":{"line":7,"column":193},"end":{"line":7,"column":202}},"loc":{"start":{"line":7,"column":213},"end":{"line":9,"column":80}},"line":7}},"branchMap":{"0":{"loc":{"start":{"line":7,"column":225},"end":{"line":9,"column":78}},"type":"switch","locations":[{"start":{"line":7,"column":265},"end":{"line":9,"column":36}},{"start":{"line":9,"column":36},"end":{"line":9,"column":43}},{"start":{"line":9,"column":43},"end":{"line":9,"column":77}}],"line":7}},"s":{"0":1,"1":1,"2":1,"3":1,"4":1,"5":1,"6":1,"7":1,"8":1,"9":1,"10":3,"11":1,"12":2,"13":2,"14":1,"15":1,"16":1},"f":{"0":1,"1":3,"2":1,"3":2},"b":{"0":[1,1,1]},"_coverageSchema":"332fd63041d2c1bcb487cc26dd0d5f7d97098a6c","hash":"de551d260ca638410f05fddda0390727eae93f5c"}
,"D:\\Projects\\newsApp\\src\\sagas\\news.js": {"path":"D:\\Projects\\newsApp\\src\\sagas\\news.js","statementMap":{"0":{"start":{"line":1,"column":43},"end":{"line":1,"column":99}},"1":{"start":{"line":1,"column":129},"end":{"line":1,"column":184}},"2":{"start":{"line":1,"column":185},"end":{"line":1,"column":247}},"3":{"start":{"line":1,"column":247},"end":{"line":1,"column":272}},"4":{"start":{"line":1,"column":291},"end":{"line":1,"column":352}},"5":{"start":{"line":1,"column":368},"end":{"line":1,"column":397}},"6":{"start":{"line":2,"column":14},"end":{"line":2,"column":66}},"7":{"start":{"line":3,"column":29},"end":{"line":3,"column":88}},"8":{"start":{"line":4,"column":14},"end":{"line":4,"column":51}},"9":{"start":{"line":5,"column":12},"end":{"line":5,"column":39}},"10":{"start":{"line":5,"column":54},"end":{"line":10,"column":19}},"11":{"start":{"line":10,"column":31},"end":{"line":17,"column":27}},"12":{"start":{"line":17,"column":39},"end":{"line":24,"column":22}},"13":{"start":{"line":24,"column":34},"end":{"line":32,"column":19}},"14":{"start":{"line":32,"column":31},"end":{"line":52,"column":27}},"15":{"start":{"line":52,"column":39},"end":{"line":72,"column":22}},"16":{"start":{"line":72,"column":54},"end":{"line":72,"column":338}},"17":{"start":{"line":72,"column":127},"end":{"line":72,"column":320}},"18":{"start":{"line":72,"column":138},"end":{"line":72,"column":319}},"19":{"start":{"line":72,"column":185},"end":{"line":72,"column":203}},"20":{"start":{"line":72,"column":203},"end":{"line":72,"column":277}},"21":{"start":{"line":72,"column":295},"end":{"line":72,"column":318}},"22":{"start":{"line":72,"column":378},"end":{"line":72,"column":691}},"23":{"start":{"line":72,"column":460},"end":{"line":72,"column":672}},"24":{"start":{"line":72,"column":471},"end":{"line":72,"column":671}},"25":{"start":{"line":72,"column":520},"end":{"line":72,"column":539}},"26":{"start":{"line":72,"column":539},"end":{"line":72,"column":628}},"27":{"start":{"line":72,"column":646},"end":{"line":72,"column":670}},"28":{"start":{"line":72,"column":726},"end":{"line":72,"column":1026}},"29":{"start":{"line":72,"column":803},"end":{"line":72,"column":1007}},"30":{"start":{"line":72,"column":814},"end":{"line":72,"column":1006}},"31":{"start":{"line":72,"column":863},"end":{"line":72,"column":882}},"32":{"start":{"line":72,"column":882},"end":{"line":72,"column":963}},"33":{"start":{"line":72,"column":981},"end":{"line":72,"column":1005}},"34":{"start":{"line":72,"column":1089},"end":{"line":72,"column":2030}},"35":{"start":{"line":72,"column":1163},"end":{"line":72,"column":2000}},"36":{"start":{"line":72,"column":1174},"end":{"line":72,"column":1999}},"37":{"start":{"line":72,"column":1223},"end":{"line":72,"column":1242}},"38":{"start":{"line":72,"column":1242},"end":{"line":72,"column":1292}},"39":{"start":{"line":72,"column":1299},"end":{"line":72,"column":1329}},"40":{"start":{"line":72,"column":1329},"end":{"line":72,"column":1348}},"41":{"start":{"line":72,"column":1348},"end":{"line":72,"column":1367}},"42":{"start":{"line":72,"column":1367},"end":{"line":72,"column":1416}},"43":{"start":{"line":72,"column":1423},"end":{"line":72,"column":1447}},"44":{"start":{"line":72,"column":1447},"end":{"line":72,"column":1506}},"45":{"start":{"line":72,"column":1479},"end":{"line":72,"column":1499}},"46":{"start":{"line":72,"column":1499},"end":{"line":72,"column":1505}},"47":{"start":{"line":72,"column":1506},"end":{"line":72,"column":1526}},"48":{"start":{"line":72,"column":1526},"end":{"line":72,"column":1587}},"49":{"start":{"line":72,"column":1595},"end":{"line":72,"column":1615}},"50":{"start":{"line":72,"column":1615},"end":{"line":72,"column":1621}},"51":{"start":{"line":72,"column":1629},"end":{"line":72,"column":1649}},"52":{"start":{"line":72,"column":1649},"end":{"line":72,"column":1703}},"53":{"start":{"line":72,"column":1711},"end":{"line":72,"column":1731}},"54":{"start":{"line":72,"column":1731},"end":{"line":72,"column":1737}},"55":{"start":{"line":72,"column":1745},"end":{"line":72,"column":1765}},"56":{"start":{"line":72,"column":1765},"end":{"line":72,"column":1802}},"57":{"start":{"line":72,"column":1802},"end":{"line":72,"column":1822}},"58":{"start":{"line":72,"column":1822},"end":{"line":72,"column":1876}},"59":{"start":{"line":72,"column":1884},"end":{"line":72,"column":1904}},"60":{"start":{"line":72,"column":1904},"end":{"line":72,"column":1955}},"61":{"start":{"line":72,"column":1974},"end":{"line":72,"column":1998}},"62":{"start":{"line":72,"column":2101},"end":{"line":72,"column":3051}},"63":{"start":{"line":72,"column":2183},"end":{"line":72,"column":3021}},"64":{"start":{"line":72,"column":2194},"end":{"line":72,"column":3020}},"65":{"start":{"line":72,"column":2243},"end":{"line":72,"column":2262}},"66":{"start":{"line":72,"column":2262},"end":{"line":72,"column":2312}},"67":{"start":{"line":72,"column":2319},"end":{"line":72,"column":2349}},"68":{"start":{"line":72,"column":2349},"end":{"line":72,"column":2368}},"69":{"start":{"line":72,"column":2368},"end":{"line":72,"column":2387}},"70":{"start":{"line":72,"column":2387},"end":{"line":72,"column":2437}},"71":{"start":{"line":72,"column":2444},"end":{"line":72,"column":2468}},"72":{"start":{"line":72,"column":2468},"end":{"line":72,"column":2527}},"73":{"start":{"line":72,"column":2500},"end":{"line":72,"column":2520}},"74":{"start":{"line":72,"column":2520},"end":{"line":72,"column":2526}},"75":{"start":{"line":72,"column":2527},"end":{"line":72,"column":2547}},"76":{"start":{"line":72,"column":2547},"end":{"line":72,"column":2608}},"77":{"start":{"line":72,"column":2616},"end":{"line":72,"column":2636}},"78":{"start":{"line":72,"column":2636},"end":{"line":72,"column":2642}},"79":{"start":{"line":72,"column":2650},"end":{"line":72,"column":2670}},"80":{"start":{"line":72,"column":2670},"end":{"line":72,"column":2724}},"81":{"start":{"line":72,"column":2732},"end":{"line":72,"column":2752}},"82":{"start":{"line":72,"column":2752},"end":{"line":72,"column":2758}},"83":{"start":{"line":72,"column":2766},"end":{"line":72,"column":2786}},"84":{"start":{"line":72,"column":2786},"end":{"line":72,"column":2823}},"85":{"start":{"line":72,"column":2823},"end":{"line":72,"column":2843}},"86":{"start":{"line":72,"column":2843},"end":{"line":72,"column":2897}},"87":{"start":{"line":72,"column":2905},"end":{"line":72,"column":2925}},"88":{"start":{"line":72,"column":2925},"end":{"line":72,"column":2976}},"89":{"start":{"line":72,"column":2995},"end":{"line":72,"column":3019}},"90":{"start":{"line":72,"column":3097},"end":{"line":84,"column":136}},"91":{"start":{"line":72,"column":3174},"end":{"line":84,"column":106}},"92":{"start":{"line":72,"column":3185},"end":{"line":84,"column":105}},"93":{"start":{"line":72,"column":3234},"end":{"line":72,"column":3253}},"94":{"start":{"line":73,"column":10},"end":{"line":73,"column":60}},"95":{"start":{"line":73,"column":67},"end":{"line":73,"column":86}},"96":{"start":{"line":73,"column":86},"end":{"line":73,"column":105}},"97":{"start":{"line":75,"column":10},"end":{"line":75,"column":45}},"98":{"start":{"line":75,"column":52},"end":{"line":75,"column":76}},"99":{"start":{"line":75,"column":76},"end":{"line":76,"column":63}},"100":{"start":{"line":76,"column":36},"end":{"line":76,"column":56}},"101":{"start":{"line":76,"column":56},"end":{"line":76,"column":62}},"102":{"start":{"line":76,"column":63},"end":{"line":76,"column":82}},"103":{"start":{"line":77,"column":10},"end":{"line":77,"column":82}},"104":{"start":{"line":77,"column":89},"end":{"line":77,"column":109}},"105":{"start":{"line":77,"column":109},"end":{"line":77,"column":115}},"106":{"start":{"line":77,"column":123},"end":{"line":77,"column":143}},"107":{"start":{"line":79,"column":10},"end":{"line":79,"column":70}},"108":{"start":{"line":79,"column":78},"end":{"line":79,"column":98}},"109":{"start":{"line":79,"column":98},"end":{"line":79,"column":104}},"110":{"start":{"line":79,"column":112},"end":{"line":79,"column":132}},"111":{"start":{"line":79,"column":132},"end":{"line":79,"column":169}},"112":{"start":{"line":79,"column":169},"end":{"line":79,"column":189}},"113":{"start":{"line":82,"column":10},"end":{"line":82,"column":70}},"114":{"start":{"line":82,"column":78},"end":{"line":82,"column":98}},"115":{"start":{"line":84,"column":10},"end":{"line":84,"column":61}},"116":{"start":{"line":84,"column":80},"end":{"line":84,"column":104}},"117":{"start":{"line":87,"column":0},"end":{"line":90,"column":22}},"118":{"start":{"line":90,"column":23},"end":{"line":90,"column":50}}},"fnMap":{"0":{"name":"getNewsListWatcher","decl":{"start":{"line":72,"column":32},"end":{"line":72,"column":50}},"loc":{"start":{"line":72,"column":53},"end":{"line":72,"column":339}},"line":72},"1":{"name":"getNewsListWatcher$","decl":{"start":{"line":72,"column":96},"end":{"line":72,"column":115}},"loc":{"start":{"line":72,"column":126},"end":{"line":72,"column":321}},"line":72},"2":{"name":"getNewsListBySearchWatcher","decl":{"start":{"line":72,"column":348},"end":{"line":72,"column":374}},"loc":{"start":{"line":72,"column":377},"end":{"line":72,"column":692}},"line":72},"3":{"name":"getNewsListBySearchWatcher$","decl":{"start":{"line":72,"column":420},"end":{"line":72,"column":447}},"loc":{"start":{"line":72,"column":459},"end":{"line":72,"column":673}},"line":72},"4":{"name":"getNewsSourcesWatcher","decl":{"start":{"line":72,"column":701},"end":{"line":72,"column":722}},"loc":{"start":{"line":72,"column":725},"end":{"line":72,"column":1027}},"line":72},"5":{"name":"getNewsSourcesWatcher$","decl":{"start":{"line":72,"column":768},"end":{"line":72,"column":790}},"loc":{"start":{"line":72,"column":802},"end":{"line":72,"column":1008}},"line":72},"6":{"name":"getNewsListHandler","decl":{"start":{"line":72,"column":1036},"end":{"line":72,"column":1054}},"loc":{"start":{"line":72,"column":1062},"end":{"line":72,"column":2031}},"line":72},"7":{"name":"getNewsListHandler$","decl":{"start":{"line":72,"column":1131},"end":{"line":72,"column":1150}},"loc":{"start":{"line":72,"column":1162},"end":{"line":72,"column":2001}},"line":72},"8":{"name":"getNewsListBySearchHandler","decl":{"start":{"line":72,"column":2040},"end":{"line":72,"column":2066}},"loc":{"start":{"line":72,"column":2074},"end":{"line":72,"column":3052}},"line":72},"9":{"name":"getNewsListBySearchHandler$","decl":{"start":{"line":72,"column":2143},"end":{"line":72,"column":2170}},"loc":{"start":{"line":72,"column":2182},"end":{"line":72,"column":3022}},"line":72},"10":{"name":"getNewsSourcesHandler","decl":{"start":{"line":72,"column":3061},"end":{"line":72,"column":3082}},"loc":{"start":{"line":72,"column":3085},"end":{"line":84,"column":137}},"line":72},"11":{"name":"getNewsSourcesHandler$","decl":{"start":{"line":72,"column":3139},"end":{"line":72,"column":3161}},"loc":{"start":{"line":72,"column":3173},"end":{"line":84,"column":107}},"line":72}},"branchMap":{"0":{"loc":{"start":{"line":72,"column":138},"end":{"line":72,"column":319}},"type":"switch","locations":[{"start":{"line":72,"column":178},"end":{"line":72,"column":277}},{"start":{"line":72,"column":277},"end":{"line":72,"column":284}},{"start":{"line":72,"column":284},"end":{"line":72,"column":318}}],"line":72},"1":{"loc":{"start":{"line":72,"column":471},"end":{"line":72,"column":671}},"type":"switch","locations":[{"start":{"line":72,"column":513},"end":{"line":72,"column":628}},{"start":{"line":72,"column":628},"end":{"line":72,"column":635}},{"start":{"line":72,"column":635},"end":{"line":72,"column":670}}],"line":72},"2":{"loc":{"start":{"line":72,"column":814},"end":{"line":72,"column":1006}},"type":"switch","locations":[{"start":{"line":72,"column":856},"end":{"line":72,"column":963}},{"start":{"line":72,"column":963},"end":{"line":72,"column":970}},{"start":{"line":72,"column":970},"end":{"line":72,"column":1005}}],"line":72},"3":{"loc":{"start":{"line":72,"column":1174},"end":{"line":72,"column":1999}},"type":"switch","locations":[{"start":{"line":72,"column":1216},"end":{"line":72,"column":1292}},{"start":{"line":72,"column":1292},"end":{"line":72,"column":1416}},{"start":{"line":72,"column":1416},"end":{"line":72,"column":1587}},{"start":{"line":72,"column":1587},"end":{"line":72,"column":1621}},{"start":{"line":72,"column":1621},"end":{"line":72,"column":1703}},{"start":{"line":72,"column":1703},"end":{"line":72,"column":1737}},{"start":{"line":72,"column":1737},"end":{"line":72,"column":1876}},{"start":{"line":72,"column":1876},"end":{"line":72,"column":1955}},{"start":{"line":72,"column":1955},"end":{"line":72,"column":1963}},{"start":{"line":72,"column":1963},"end":{"line":72,"column":1998}}],"line":72},"4":{"loc":{"start":{"line":72,"column":1447},"end":{"line":72,"column":1506}},"type":"if","locations":[{"start":{"line":72,"column":1447},"end":{"line":72,"column":1506}},{"start":{"line":72,"column":1447},"end":{"line":72,"column":1506}}],"line":72},"5":{"loc":{"start":{"line":72,"column":2194},"end":{"line":72,"column":3020}},"type":"switch","locations":[{"start":{"line":72,"column":2236},"end":{"line":72,"column":2312}},{"start":{"line":72,"column":2312},"end":{"line":72,"column":2437}},{"start":{"line":72,"column":2437},"end":{"line":72,"column":2608}},{"start":{"line":72,"column":2608},"end":{"line":72,"column":2642}},{"start":{"line":72,"column":2642},"end":{"line":72,"column":2724}},{"start":{"line":72,"column":2724},"end":{"line":72,"column":2758}},{"start":{"line":72,"column":2758},"end":{"line":72,"column":2897}},{"start":{"line":72,"column":2897},"end":{"line":72,"column":2976}},{"start":{"line":72,"column":2976},"end":{"line":72,"column":2984}},{"start":{"line":72,"column":2984},"end":{"line":72,"column":3019}}],"line":72},"6":{"loc":{"start":{"line":72,"column":2468},"end":{"line":72,"column":2527}},"type":"if","locations":[{"start":{"line":72,"column":2468},"end":{"line":72,"column":2527}},{"start":{"line":72,"column":2468},"end":{"line":72,"column":2527}}],"line":72},"7":{"loc":{"start":{"line":72,"column":3185},"end":{"line":84,"column":105}},"type":"switch","locations":[{"start":{"line":72,"column":3227},"end":{"line":73,"column":60}},{"start":{"line":73,"column":60},"end":{"line":75,"column":45}},{"start":{"line":75,"column":45},"end":{"line":77,"column":82}},{"start":{"line":77,"column":82},"end":{"line":77,"column":115}},{"start":{"line":77,"column":115},"end":{"line":79,"column":70}},{"start":{"line":79,"column":70},"end":{"line":79,"column":104}},{"start":{"line":79,"column":104},"end":{"line":82,"column":70}},{"start":{"line":82,"column":70},"end":{"line":84,"column":61}},{"start":{"line":84,"column":61},"end":{"line":84,"column":69}},{"start":{"line":84,"column":69},"end":{"line":84,"column":104}}],"line":72},"8":{"loc":{"start":{"line":75,"column":76},"end":{"line":76,"column":63}},"type":"if","locations":[{"start":{"line":75,"column":76},"end":{"line":76,"column":63}},{"start":{"line":75,"column":76},"end":{"line":76,"column":63}}],"line":75}},"s":{"0":1,"1":1,"2":1,"3":1,"4":1,"5":1,"6":1,"7":1,"8":1,"9":1,"10":1,"11":1,"12":1,"13":1,"14":1,"15":1,"16":1,"17":2,"18":2,"19":1,"20":1,"21":1,"22":1,"23":2,"24":2,"25":1,"26":1,"27":1,"28":1,"29":2,"30":2,"31":1,"32":1,"33":1,"34":4,"35":20,"36":20,"37":4,"38":4,"39":4,"40":4,"41":4,"42":4,"43":0,"44":0,"45":0,"46":0,"47":0,"48":0,"49":0,"50":0,"51":0,"52":0,"53":0,"54":0,"55":4,"56":4,"57":4,"58":4,"59":4,"60":4,"61":4,"62":0,"63":0,"64":0,"65":0,"66":0,"67":0,"68":0,"69":0,"70":0,"71":0,"72":0,"73":0,"74":0,"75":0,"76":0,"77":0,"78":0,"79":0,"80":0,"81":0,"82":0,"83":0,"84":0,"85":0,"86":0,"87":0,"88":0,"89":0,"90":3,"91":15,"92":15,"93":3,"94":3,"95":3,"96":3,"97":3,"98":0,"99":0,"100":0,"101":0,"102":0,"103":0,"104":0,"105":0,"106":0,"107":0,"108":0,"109":0,"110":3,"111":3,"112":3,"113":3,"114":3,"115":3,"116":3,"117":1,"118":1},"f":{"0":1,"1":2,"2":1,"3":2,"4":1,"5":2,"6":4,"7":20,"8":0,"9":0,"10":3,"11":15},"b":{"0":[1,1,1],"1":[1,1,1],"2":[1,1,1],"3":[4,4,0,0,0,0,4,4,4,4],"4":[0,0],"5":[0,0,0,0,0,0,0,0,0,0],"6":[0,0],"7":[3,3,0,0,0,0,3,3,3,3],"8":[0,0]},"_coverageSchema":"332fd63041d2c1bcb487cc26dd0d5f7d97098a6c","hash":"b9ed45c18ab1190cca8f12eca1e52237f9f4ff0e"}
,"D:\\Projects\\newsApp\\src\\services\\apiConfig.js": {"path":"D:\\Projects\\newsApp\\src\\services\\apiConfig.js","statementMap":{"0":{"start":{"line":1,"column":13},"end":{"line":1,"column":75}},"1":{"start":{"line":1,"column":75},"end":{"line":1,"column":119}},"2":{"start":{"line":2,"column":15},"end":{"line":2,"column":39}},"3":{"start":{"line":2,"column":40},"end":{"line":2,"column":68}},"4":{"start":{"line":3,"column":14},"end":{"line":3,"column":48}},"5":{"start":{"line":3,"column":49},"end":{"line":3,"column":75}}},"fnMap":{},"branchMap":{},"s":{"0":1,"1":1,"2":1,"3":1,"4":1,"5":1},"f":{},"b":{},"_coverageSchema":"332fd63041d2c1bcb487cc26dd0d5f7d97098a6c","hash":"c1156fea89a4872468ee70847ee714815b0f1fa1"}
,"D:\\Projects\\newsApp\\src\\services\\news.js": {"path":"D:\\Projects\\newsApp\\src\\services\\news.js","statementMap":{"0":{"start":{"line":1,"column":13},"end":{"line":1,"column":75}},"1":{"start":{"line":1,"column":75},"end":{"line":1,"column":117}},"2":{"start":{"line":1,"column":117},"end":{"line":1,"column":161}},"3":{"start":{"line":1,"column":161},"end":{"line":1,"column":201}},"4":{"start":{"line":2,"column":17},"end":{"line":2,"column":39}},"5":{"start":{"line":3,"column":14},"end":{"line":3,"column":51}},"6":{"start":{"line":6,"column":19},"end":{"line":6,"column":144}},"7":{"start":{"line":7,"column":2},"end":{"line":7,"column":119}},"8":{"start":{"line":9,"column":2},"end":{"line":10,"column":54}},"9":{"start":{"line":10,"column":28},"end":{"line":10,"column":51}},"10":{"start":{"line":14,"column":19},"end":{"line":14,"column":189}},"11":{"start":{"line":15,"column":2},"end":{"line":15,"column":87}},"12":{"start":{"line":16,"column":2},"end":{"line":17,"column":54}},"13":{"start":{"line":17,"column":28},"end":{"line":17,"column":51}},"14":{"start":{"line":21,"column":19},"end":{"line":21,"column":80}},"15":{"start":{"line":22,"column":2},"end":{"line":23,"column":54}},"16":{"start":{"line":23,"column":28},"end":{"line":23,"column":51}}},"fnMap":{"0":{"name":"getTopHeadlines","decl":{"start":{"line":5,"column":9},"end":{"line":5,"column":24}},"loc":{"start":{"line":5,"column":33},"end":{"line":11,"column":1}},"line":5},"1":{"name":"(anonymous_1)","decl":{"start":{"line":10,"column":7},"end":{"line":10,"column":8}},"loc":{"start":{"line":10,"column":27},"end":{"line":10,"column":52}},"line":10},"2":{"name":"getSearchResults","decl":{"start":{"line":13,"column":9},"end":{"line":13,"column":25}},"loc":{"start":{"line":13,"column":34},"end":{"line":18,"column":1}},"line":13},"3":{"name":"(anonymous_3)","decl":{"start":{"line":17,"column":7},"end":{"line":17,"column":8}},"loc":{"start":{"line":17,"column":27},"end":{"line":17,"column":52}},"line":17},"4":{"name":"getNewsSources","decl":{"start":{"line":20,"column":9},"end":{"line":20,"column":23}},"loc":{"start":{"line":20,"column":32},"end":{"line":24,"column":1}},"line":20},"5":{"name":"(anonymous_5)","decl":{"start":{"line":23,"column":7},"end":{"line":23,"column":8}},"loc":{"start":{"line":23,"column":27},"end":{"line":23,"column":52}},"line":23}},"branchMap":{"0":{"loc":{"start":{"line":7,"column":16},"end":{"line":7,"column":118}},"type":"cond-expr","locations":[{"start":{"line":7,"column":46},"end":{"line":7,"column":81}},{"start":{"line":7,"column":84},"end":{"line":7,"column":118}}],"line":7},"1":{"loc":{"start":{"line":15,"column":16},"end":{"line":15,"column":86}},"type":"cond-expr","locations":[{"start":{"line":15,"column":46},"end":{"line":15,"column":81}},{"start":{"line":15,"column":84},"end":{"line":15,"column":86}}],"line":15}},"s":{"0":1,"1":1,"2":1,"3":1,"4":1,"5":1,"6":4,"7":4,"8":4,"9":0,"10":0,"11":0,"12":0,"13":0,"14":3,"15":3,"16":0},"f":{"0":4,"1":0,"2":0,"3":0,"4":3,"5":0},"b":{"0":[1,3],"1":[0,0]},"_coverageSchema":"332fd63041d2c1bcb487cc26dd0d5f7d97098a6c","hash":"73baf8a2e4b72deeb357c650cb7bb06bca074831"}
,"D:\\Projects\\newsApp\\src\\shared\\constants\\common.js": {"path":"D:\\Projects\\newsApp\\src\\shared\\constants\\common.js","statementMap":{"0":{"start":{"line":1,"column":13},"end":{"line":1,"column":75}},"1":{"start":{"line":1,"column":75},"end":{"line":1,"column":163}},"2":{"start":{"line":4,"column":12},"end":{"line":12,"column":62}},"3":{"start":{"line":12,"column":63},"end":{"line":12,"column":85}},"4":{"start":{"line":18,"column":13},"end":{"line":28,"column":34}},"5":{"start":{"line":28,"column":35},"end":{"line":28,"column":59}},"6":{"start":{"line":34,"column":21},"end":{"line":34,"column":23}},"7":{"start":{"line":34,"column":24},"end":{"line":34,"column":64}},"8":{"start":{"line":39,"column":19},"end":{"line":39,"column":23}},"9":{"start":{"line":39,"column":24},"end":{"line":39,"column":60}}},"fnMap":{},"branchMap":{},"s":{"0":1,"1":1,"2":1,"3":1,"4":1,"5":1,"6":1,"7":1,"8":1,"9":1},"f":{},"b":{},"_coverageSchema":"332fd63041d2c1bcb487cc26dd0d5f7d97098a6c","hash":"4c838b8561a888545c0e5c3b026b9ae133ab65bc"}
,"D:\\Projects\\newsApp\\src\\shared\\styles\\commonStyle.js": {"path":"D:\\Projects\\newsApp\\src\\shared\\styles\\commonStyle.js","statementMap":{"0":{"start":{"line":1,"column":13},"end":{"line":1,"column":75}},"1":{"start":{"line":1,"column":75},"end":{"line":1,"column":100}},"2":{"start":{"line":4,"column":19},"end":{"line":4,"column":42}},"3":{"start":{"line":5,"column":14},"end":{"line":5,"column":44}},"4":{"start":{"line":7,"column":0},"end":{"line":294,"column":21}},"5":{"start":{"line":294,"column":22},"end":{"line":294,"column":49}}},"fnMap":{},"branchMap":{},"s":{"0":1,"1":1,"2":1,"3":1,"4":1,"5":1},"f":{},"b":{},"_coverageSchema":"332fd63041d2c1bcb487cc26dd0d5f7d97098a6c","hash":"3e5f5b73efe7a54148c2a5594346a0074a39ddbd"}
,"D:\\Projects\\newsApp\\src\\shared\\utils\\commonFunc.js": {"path":"D:\\Projects\\newsApp\\src\\shared\\utils\\commonFunc.js","statementMap":{"0":{"start":{"line":1,"column":13},"end":{"line":1,"column":75}},"1":{"start":{"line":1,"column":75},"end":{"line":1,"column":99}},"2":{"start":{"line":1,"column":99},"end":{"line":1,"column":135}},"3":{"start":{"line":1,"column":135},"end":{"line":1,"column":169}},"4":{"start":{"line":1,"column":188},"end":{"line":1,"column":211}},"5":{"start":{"line":9,"column":2},"end":{"line":13,"column":3}},"6":{"start":{"line":10,"column":4},"end":{"line":10,"column":20}},"7":{"start":{"line":12,"column":4},"end":{"line":12,"column":17}},"8":{"start":{"line":14,"column":2},"end":{"line":14,"column":14}},"9":{"start":{"line":24,"column":2},"end":{"line":24,"column":90}},"10":{"start":{"line":34,"column":2},"end":{"line":34,"column":88}}},"fnMap":{"0":{"name":"isJson","decl":{"start":{"line":8,"column":9},"end":{"line":8,"column":15}},"loc":{"start":{"line":8,"column":21},"end":{"line":15,"column":1}},"line":8},"1":{"name":"screenHeight","decl":{"start":{"line":23,"column":9},"end":{"line":23,"column":21}},"loc":{"start":{"line":23,"column":48},"end":{"line":25,"column":1}},"line":23},"2":{"name":"screenWidth","decl":{"start":{"line":33,"column":9},"end":{"line":33,"column":20}},"loc":{"start":{"line":33,"column":46},"end":{"line":35,"column":1}},"line":33}},"branchMap":{},"s":{"0":1,"1":1,"2":1,"3":1,"4":1,"5":1,"6":1,"7":0,"8":1,"9":0,"10":0},"f":{"0":1,"1":0,"2":0},"b":{},"_coverageSchema":"332fd63041d2c1bcb487cc26dd0d5f7d97098a6c","hash":"50d4d4eff05e016758336ab879958feb0b639ea7"}
}
